0 info it worked if it ends with ok
1 verbose cli [ 'node', '/usr/local/bin/npm', 'install' ]
2 info using npm@2.11.3
3 info using node@v0.12.7
4 verbose readDependencies loading dependencies from /Users/nick/Documents/JrDesign/jda8101/package.json
5 verbose install where, deps [ '/Users/nick/Documents/JrDesign/jda8101',
5 verbose install   [ '@expo/samples',
5 verbose install     '@expo/vector-icons',
5 verbose install     'expo',
5 verbose install     'react',
5 verbose install     'react-native',
5 verbose install     'react-navigation',
5 verbose install     'babel-eslint',
5 verbose install     'eslint',
5 verbose install     'eslint-config-airbnb',
5 verbose install     'eslint-plugin-import',
5 verbose install     'eslint-plugin-jsx-a11y',
5 verbose install     'eslint-plugin-react',
5 verbose install     'jest-expo' ] ]
6 verbose install where, peers [ '/Users/nick/Documents/JrDesign/jda8101', [] ]
7 verbose installManyTop reading for lifecycle /Users/nick/Documents/JrDesign/jda8101/package.json
8 info preinstall @
9 verbose installManyTop reading scoped package data from /Users/nick/Documents/JrDesign/jda8101/node_modules/babel-eslint/package.json
10 verbose installManyTop reading scoped package data from /Users/nick/Documents/JrDesign/jda8101/node_modules/eslint/package.json
11 verbose installManyTop reading scoped package data from /Users/nick/Documents/JrDesign/jda8101/node_modules/eslint-config-airbnb/package.json
12 verbose installManyTop reading scoped package data from /Users/nick/Documents/JrDesign/jda8101/node_modules/eslint-plugin-import/package.json
13 verbose installManyTop reading scoped package data from /Users/nick/Documents/JrDesign/jda8101/node_modules/eslint-plugin-jsx-a11y/package.json
14 verbose installManyTop reading scoped package data from /Users/nick/Documents/JrDesign/jda8101/node_modules/eslint-plugin-react/package.json
15 verbose installManyTop reading scoped package data from /Users/nick/Documents/JrDesign/jda8101/node_modules/expo/package.json
16 verbose installManyTop reading scoped package data from /Users/nick/Documents/JrDesign/jda8101/node_modules/jest-expo/package.json
17 verbose installManyTop reading scoped package data from /Users/nick/Documents/JrDesign/jda8101/node_modules/react/package.json
18 verbose installManyTop reading scoped package data from /Users/nick/Documents/JrDesign/jda8101/node_modules/react-native/package.json
19 verbose installManyTop reading scoped package data from /Users/nick/Documents/JrDesign/jda8101/node_modules/react-navigation/package.json
20 verbose installManyTop reading scoped package data from /Users/nick/Documents/JrDesign/jda8101/node_modules/@expo/samples/package.json
21 verbose installManyTop reading scoped package data from /Users/nick/Documents/JrDesign/jda8101/node_modules/@expo/vector-icons/package.json
22 info package.json @expo/samples@2.1.1 No description
23 info package.json @expo/samples@2.1.1 No repository field.
24 info package.json @expo/samples@2.1.1 No README data
25 verbose readDependencies loading dependencies from /Users/nick/Documents/JrDesign/jda8101/package.json
26 verbose targetResolver reading package data from /Users/nick/Documents/JrDesign/jda8101/node_modules/babel-eslint/package.json
27 verbose targetResolver reading package data from /Users/nick/Documents/JrDesign/jda8101/node_modules/eslint/package.json
28 verbose targetResolver reading package data from /Users/nick/Documents/JrDesign/jda8101/node_modules/eslint-config-airbnb/package.json
29 verbose targetResolver reading package data from /Users/nick/Documents/JrDesign/jda8101/node_modules/eslint-plugin-import/package.json
30 verbose targetResolver reading package data from /Users/nick/Documents/JrDesign/jda8101/node_modules/eslint-plugin-jsx-a11y/package.json
31 verbose targetResolver reading package data from /Users/nick/Documents/JrDesign/jda8101/node_modules/eslint-plugin-react/package.json
32 verbose targetResolver reading package data from /Users/nick/Documents/JrDesign/jda8101/node_modules/expo/package.json
33 verbose targetResolver reading package data from /Users/nick/Documents/JrDesign/jda8101/node_modules/jest-expo/package.json
34 verbose targetResolver reading package data from /Users/nick/Documents/JrDesign/jda8101/node_modules/react/package.json
35 verbose targetResolver reading package data from /Users/nick/Documents/JrDesign/jda8101/node_modules/react-native/package.json
36 verbose targetResolver reading package data from /Users/nick/Documents/JrDesign/jda8101/node_modules/react-navigation/package.json
37 verbose targetResolver reading package data from /Users/nick/Documents/JrDesign/jda8101/node_modules/.bin/eslint/package.json
38 verbose targetResolver reading package data from /Users/nick/Documents/JrDesign/jda8101/node_modules/@expo/samples/package.json
39 verbose targetResolver reading package data from /Users/nick/Documents/JrDesign/jda8101/node_modules/@expo/vector-icons/package.json
40 verbose already installed skipping jest-expo@^26.0.0 /Users/nick/Documents/JrDesign/jda8101
41 verbose already installed skipping @expo/samples@2.1.1 /Users/nick/Documents/JrDesign/jda8101
42 verbose already installed skipping @expo/vector-icons@^6.3.1 /Users/nick/Documents/JrDesign/jda8101
43 verbose already installed skipping expo@26.0.0 /Users/nick/Documents/JrDesign/jda8101
44 verbose already installed skipping react@16.3.0-alpha.1 /Users/nick/Documents/JrDesign/jda8101
45 verbose already installed skipping react-native@https://github.com/expo/react-native/archive/sdk-26.0.0.tar.gz /Users/nick/Documents/JrDesign/jda8101
46 verbose already installed skipping react-navigation@^1.5.9 /Users/nick/Documents/JrDesign/jda8101
47 verbose already installed skipping babel-eslint@^8.2.2 /Users/nick/Documents/JrDesign/jda8101
48 verbose already installed skipping eslint@^4.19.1 /Users/nick/Documents/JrDesign/jda8101
49 verbose already installed skipping eslint-config-airbnb@^16.1.0 /Users/nick/Documents/JrDesign/jda8101
50 verbose already installed skipping eslint-plugin-import@^2.10.0 /Users/nick/Documents/JrDesign/jda8101
51 verbose already installed skipping eslint-plugin-jsx-a11y@^6.0.3 /Users/nick/Documents/JrDesign/jda8101
52 verbose already installed skipping eslint-plugin-react@^7.7.0 /Users/nick/Documents/JrDesign/jda8101
53 silly install resolved []
54 info build /Users/nick/Documents/JrDesign/jda8101
55 info linkStuff @
56 silly linkStuff @ has /Users/nick/Documents/JrDesign as its parent node_modules
57 verbose linkBins @
58 verbose linkMans @
59 verbose rebuildBundles @
60 verbose rebuildBundles [ '.bin',
60 verbose rebuildBundles   '@expo',
60 verbose rebuildBundles   'babel-eslint',
60 verbose rebuildBundles   'eslint',
60 verbose rebuildBundles   'eslint-config-airbnb',
60 verbose rebuildBundles   'eslint-plugin-import',
60 verbose rebuildBundles   'eslint-plugin-jsx-a11y',
60 verbose rebuildBundles   'eslint-plugin-react',
60 verbose rebuildBundles   'expo',
60 verbose rebuildBundles   'jest-expo',
60 verbose rebuildBundles   'react',
60 verbose rebuildBundles   'react-native',
60 verbose rebuildBundles   'react-navigation' ]
61 info install @
62 info postinstall @
63 info prepublish @
64 verbose validateInstall loading /Users/nick/Documents/JrDesign/jda8101/package.json for validation
65 warn unmet dependency /Users/nick/Documents/JrDesign/jda8101/node_modules/react-native/node_modules/metro/node_modules/@babel/core requires babylon@'7.0.0-beta.44' but will load
65 warn unmet dependency /Users/nick/Documents/JrDesign/jda8101/node_modules/react-native/node_modules/metro/node_modules/babylon,
65 warn unmet dependency which is version 6.18.0
66 warn unmet dependency /Users/nick/Documents/JrDesign/jda8101/node_modules/react-native/node_modules/metro/node_modules/@babel/core requires debug@'^3.1.0' but will load
66 warn unmet dependency /Users/nick/Documents/JrDesign/jda8101/node_modules/react-native/node_modules/debug,
66 warn unmet dependency which is version 2.6.9
67 warn unmet dependency /Users/nick/Documents/JrDesign/jda8101/node_modules/react-native/node_modules/metro/node_modules/@babel/core requires json5@'^0.5.0' but will load
67 warn unmet dependency /Users/nick/Documents/JrDesign/jda8101/node_modules/react-native/node_modules/metro/node_modules/json5,
67 warn unmet dependency which is version 0.4.0
68 warn unmet dependency /Users/nick/Documents/JrDesign/jda8101/node_modules/react-native/node_modules/metro/node_modules/@babel/template requires babylon@'7.0.0-beta.44' but will load
68 warn unmet dependency /Users/nick/Documents/JrDesign/jda8101/node_modules/react-native/node_modules/metro/node_modules/babylon,
68 warn unmet dependency which is version 6.18.0
69 warn unmet dependency /Users/nick/Documents/JrDesign/jda8101/node_modules/react-native/node_modules/metro/node_modules/@babel/traverse requires babylon@'7.0.0-beta.44' but will load
69 warn unmet dependency /Users/nick/Documents/JrDesign/jda8101/node_modules/react-native/node_modules/metro/node_modules/babylon,
69 warn unmet dependency which is version 6.18.0
70 warn unmet dependency /Users/nick/Documents/JrDesign/jda8101/node_modules/react-native/node_modules/metro/node_modules/@babel/traverse requires debug@'^3.1.0' but will load
70 warn unmet dependency /Users/nick/Documents/JrDesign/jda8101/node_modules/react-native/node_modules/debug,
70 warn unmet dependency which is version 2.6.9
71 verbose stack Error: The package react does not satisfy its siblings' peerDependencies requirements!
71 verbose stack     at /usr/local/lib/node_modules/npm/lib/install.js:125:32
71 verbose stack     at /usr/local/lib/node_modules/npm/lib/install.js:267:7
71 verbose stack     at /usr/local/lib/node_modules/npm/node_modules/read-installed/read-installed.js:138:5
71 verbose stack     at /usr/local/lib/node_modules/npm/node_modules/read-installed/read-installed.js:251:14
71 verbose stack     at cb (/usr/local/lib/node_modules/npm/node_modules/slide/lib/async-map.js:47:24)
71 verbose stack     at /usr/local/lib/node_modules/npm/node_modules/read-installed/read-installed.js:251:14
71 verbose stack     at cb (/usr/local/lib/node_modules/npm/node_modules/slide/lib/async-map.js:47:24)
71 verbose stack     at /usr/local/lib/node_modules/npm/node_modules/read-installed/read-installed.js:251:14
71 verbose stack     at cb (/usr/local/lib/node_modules/npm/node_modules/slide/lib/async-map.js:47:24)
71 verbose stack     at /usr/local/lib/node_modules/npm/node_modules/read-installed/read-installed.js:251:14
72 verbose cwd /Users/nick/Documents/JrDesign/jda8101
73 error Darwin 17.5.0
74 error argv "node" "/usr/local/bin/npm" "install"
75 error node v0.12.7
76 error npm  v2.11.3
77 error code EPEERINVALID
78 error peerinvalid The package react does not satisfy its siblings' peerDependencies requirements!
78 error peerinvalid Peer react-native@0.54.2 wants react@^16.3.0-alpha.1
78 error peerinvalid Peer react-navigation@1.5.11 wants react@*
79 verbose exit [ 1, true ]
